<?xml version="1.0" encoding="UTF-8"?>
<testng-results ignored="0" total="1" passed="1" failed="0" skipped="0">
  <reporter-output>
  </reporter-output>
  <suite started-at="2023-02-12T14:07:09 IST" name="Suite" finished-at="2023-02-12T14:07:31 IST" duration-ms="21491">
    <groups>
    </groups>
    <test started-at="2023-02-12T14:07:09 IST" name="Test" finished-at="2023-02-12T14:07:31 IST" duration-ms="21491">
      <class name="DemoWebShop_testClass.TC_demowebshop_testClass">
        <test-method is-config="true" signature="SetUp()[pri:0, instance:DemoWebShop_testClass.TC_demowebshop_testClass@8dbdac1]" started-at="2023-02-12T14:07:10 IST" name="SetUp" finished-at="2023-02-12T14:07:25 IST" duration-ms="15809" status="PASS">
          <reporter-output>
          </reporter-output>
        </test-method> <!-- SetUp -->
        <test-method signature="logindata()[pri:0, instance:DemoWebShop_testClass.TC_demowebshop_testClass@8dbdac1]" started-at="2023-02-12T14:07:25 IST" name="logindata" finished-at="2023-02-12T14:07:31 IST" duration-ms="5582" status="PASS">
          <reporter-output>
          </reporter-output>
        </test-method> <!-- logindata -->
        <test-method is-config="true" signature="tearDown()[pri:0, instance:DemoWebShop_testClass.TC_demowebshop_testClass@8dbdac1]" started-at="2023-02-12T14:07:31 IST" name="tearDown" finished-at="2023-02-12T14:07:31 IST" duration-ms="1" status="PASS">
          <reporter-output>
          </reporter-output>
        </test-method> <!-- tearDown -->
      </class> <!-- DemoWebShop_testClass.TC_demowebshop_testClass -->
    </test> <!-- Test -->
  </suite> <!-- Suite -->
</testng-results>
